C:\USERS\VIRGIL\DOCUMENTS\GITHUB\ADVCPLUSPLUSPROGHW-ASSIGNMENT4\ASSIGNMENT 4 - INVENTORY PROGRAM\ASSIGNMENT 4 - INVENTORY PROGRAM\DEBUG\ASSIGNMENT 4 - INVENTORY PROGRAM.PCH
C:\USERS\VIRGIL\DOCUMENTS\GITHUB\ADVCPLUSPLUSPROGHW-ASSIGNMENT4\ASSIGNMENT 4 - INVENTORY PROGRAM\ASSIGNMENT 4 - INVENTORY PROGRAM\DEBUG\STDAFX.OBJ
C:\USERS\VIRGIL\DOCUMENTS\GITHUB\ADVCPLUSPLUSPROGHW-ASSIGNMENT4\ASSIGNMENT 4 - INVENTORY PROGRAM\ASSIGNMENT 4 - INVENTORY PROGRAM\DEBUG\VC110.PDB
C:\USERS\VIRGIL\DOCUMENTS\GITHUB\ADVCPLUSPLUSPROGHW-ASSIGNMENT4\ASSIGNMENT 4 - INVENTORY PROGRAM\ASSIGNMENT 4 - INVENTORY PROGRAM\DEBUG\ASSIGNMENT 4 - INVENTORY PROGRAM.OBJ
C:\USERS\VIRGIL\DOCUMENTS\GITHUB\ADVCPLUSPLUSPROGHW-ASSIGNMENT4\ASSIGNMENT 4 - INVENTORY PROGRAM\DEBUG\ASSIGNMENT 4 - INVENTORY PROGRAM.ILK
C:\USERS\VIRGIL\DOCUMENTS\GITHUB\ADVCPLUSPLUSPROGHW-ASSIGNMENT4\ASSIGNMENT 4 - INVENTORY PROGRAM\DEBUG\ASSIGNMENT 4 - INVENTORY PROGRAM.EXE
C:\USERS\VIRGIL\DOCUMENTS\GITHUB\ADVCPLUSPLUSPROGHW-ASSIGNMENT4\ASSIGNMENT 4 - INVENTORY PROGRAM\DEBUG\ASSIGNMENT 4 - INVENTORY PROGRAM.PDB
C:\Users\Virgil\Documents\GitHub\AdvCPlusPlusProgHW-Assignment4\Assignment 4 - Inventory Program\Assignment 4 - Inventory Program\Debug\Assignment 4 - Inventory Program.obj
C:\Users\Virgil\Documents\GitHub\AdvCPlusPlusProgHW-Assignment4\Assignment 4 - Inventory Program\Assignment 4 - Inventory Program\Debug\stdafx.obj
C:\Users\Virgil\Documents\GitHub\AdvCPlusPlusProgHW-Assignment4\Assignment 4 - Inventory Program\Assignment 4 - Inventory Program\Debug\cl.command.1.tlog
C:\Users\Virgil\Documents\GitHub\AdvCPlusPlusProgHW-Assignment4\Assignment 4 - Inventory Program\Assignment 4 - Inventory Program\Debug\CL.read.1.tlog
C:\Users\Virgil\Documents\GitHub\AdvCPlusPlusProgHW-Assignment4\Assignment 4 - Inventory Program\Assignment 4 - Inventory Program\Debug\CL.write.1.tlog
C:\Users\Virgil\Documents\GitHub\AdvCPlusPlusProgHW-Assignment4\Assignment 4 - Inventory Program\Assignment 4 - Inventory Program\Debug\link-cvtres.read.1.tlog
C:\Users\Virgil\Documents\GitHub\AdvCPlusPlusProgHW-Assignment4\Assignment 4 - Inventory Program\Assignment 4 - Inventory Program\Debug\link-cvtres.write.1.tlog
C:\Users\Virgil\Documents\GitHub\AdvCPlusPlusProgHW-Assignment4\Assignment 4 - Inventory Program\Assignment 4 - Inventory Program\Debug\link-rc.read.1.tlog
C:\Users\Virgil\Documents\GitHub\AdvCPlusPlusProgHW-Assignment4\Assignment 4 - Inventory Program\Assignment 4 - Inventory Program\Debug\link-rc.write.1.tlog
C:\Users\Virgil\Documents\GitHub\AdvCPlusPlusProgHW-Assignment4\Assignment 4 - Inventory Program\Assignment 4 - Inventory Program\Debug\link.command.1.tlog
C:\Users\Virgil\Documents\GitHub\AdvCPlusPlusProgHW-Assignment4\Assignment 4 - Inventory Program\Assignment 4 - Inventory Program\Debug\link.read.1.tlog
C:\Users\Virgil\Documents\GitHub\AdvCPlusPlusProgHW-Assignment4\Assignment 4 - Inventory Program\Assignment 4 - Inventory Program\Debug\link.write.1.tlog
C:\Users\Virgil\Documents\GitHub\AdvCPlusPlusProgHW-Assignment4\Assignment 4 - Inventory Program\Assignment 4 - Inventory Program\Debug\Assignment 4 - Inventory Program.pch
C:\Users\Virgil\Documents\GitHub\AdvCPlusPlusProgHW-Assignment4\Assignment 4 - Inventory Program\Assignment 4 - Inventory Program\Debug\vc110.idb
C:\Users\Virgil\Documents\GitHub\AdvCPlusPlusProgHW-Assignment4\Assignment 4 - Inventory Program\Assignment 4 - Inventory Program\Debug\vc110.pdb
C:\Users\Virgil\Documents\GitHub\AdvCPlusPlusProgHW-Assignment4\Assignment 4 - Inventory Program\Debug\Assignment 4 - Inventory Program.pdb
C:\Users\Virgil\Documents\GitHub\AdvCPlusPlusProgHW-Assignment4\Assignment 4 - Inventory Program\Debug\Assignment 4 - Inventory Program.exe
C:\Users\Virgil\Documents\GitHub\AdvCPlusPlusProgHW-Assignment4\Assignment 4 - Inventory Program\Debug\Assignment 4 - Inventory Program.ilk
